ERROR - 2025-05-05 06:41:44 --> mysqli_sql_exception: You have an error in your SQL syntax; check the manual that corresponds to your MariaDB server version for the right syntax to use near ')
ORDER BY `created_at` DESC
 LIMIT 5' at line 3 in C:\xampp\htdocs\lab11_ci\ci4\system\Database\MySQLi\Connection.php:327
Stack trace:
#0 C:\xampp\htdocs\lab11_ci\ci4\system\Database\MySQLi\Connection.php(327): mysqli->query('SELECT *\nFROM `...', 0)
#1 C:\xampp\htdocs\lab11_ci\ci4\system\Database\BaseConnection.php(738): CodeIgniter\Database\MySQLi\Connection->execute('SELECT *\nFROM `...')
#2 C:\xampp\htdocs\lab11_ci\ci4\system\Database\BaseConnection.php(652): CodeIgniter\Database\BaseConnection->simpleQuery('SELECT *\nFROM `...')
#3 C:\xampp\htdocs\lab11_ci\ci4\system\Database\BaseBuilder.php(1649): CodeIgniter\Database\BaseConnection->query('SELECT *\nFROM `...', Array, false)
#4 C:\xampp\htdocs\lab11_ci\ci4\system\Model.php(286): CodeIgniter\Database\BaseBuilder->get()
#5 C:\xampp\htdocs\lab11_ci\ci4\system\BaseModel.php(675): CodeIgniter\Model->doFindAll(0, 0)
#6 C:\xampp\htdocs\lab11_ci\ci4\app\Cells\ArtikelTerkini.php(19): CodeIgniter\BaseModel->findAll()
#7 C:\xampp\htdocs\lab11_ci\ci4\system\View\Cell.php(289): App\Cells\ArtikelTerkini->render(Array)
#8 C:\xampp\htdocs\lab11_ci\ci4\system\View\Cell.php(104): CodeIgniter\View\Cell->renderSimpleClass(Object(App\Cells\ArtikelTerkini), 'render', Array, 'App\\Cells\\Artik...')
#9 C:\xampp\htdocs\lab11_ci\ci4\system\Common.php(1189): CodeIgniter\View\Cell->render('\\App\\Cells\\Arti...', Array, 0, 'AppCellsArtikel...')
#10 C:\xampp\htdocs\lab11_ci\ci4\app\Views\layout\main.php(24): view_cell('\\App\\Cells\\Arti...')
#11 C:\xampp\htdocs\lab11_ci\ci4\system\View\View.php(224): include('C:\\xampp\\htdocs...')
#12 C:\xampp\htdocs\lab11_ci\ci4\system\View\View.php(227): CodeIgniter\View\View->CodeIgniter\View\{closure}()
#13 C:\xampp\htdocs\lab11_ci\ci4\system\View\View.php(240): CodeIgniter\View\View->render('layout/main', Array, true)
#14 C:\xampp\htdocs\lab11_ci\ci4\system\Common.php(1173): CodeIgniter\View\View->render('home', Array, true)
#15 C:\xampp\htdocs\lab11_ci\ci4\app\Controllers\Page.php(44): view('home', Array)
#16 C:\xampp\htdocs\lab11_ci\ci4\system\CodeIgniter.php(933): App\Controllers\Page->index()
#17 C:\xampp\htdocs\lab11_ci\ci4\system\CodeIgniter.php(507): CodeIgniter\CodeIgniter->runController(Object(App\Controllers\Page))
#18 C:\xampp\htdocs\lab11_ci\ci4\system\CodeIgniter.php(354): CodeIgniter\CodeIgniter->handleRequest(NULL, Object(Config\Cache), false)
#19 C:\xampp\htdocs\lab11_ci\ci4\system\Boot.php(334): CodeIgniter\CodeIgniter->run()
#20 C:\xampp\htdocs\lab11_ci\ci4\system\Boot.php(67): CodeIgniter\Boot::runCodeIgniter(Object(CodeIgniter\CodeIgniter))
#21 C:\xampp\htdocs\lab11_ci\ci4\public\index.php(56): CodeIgniter\Boot::bootWeb(Object(Config\Paths))
#22 C:\xampp\htdocs\lab11_ci\ci4\system\rewrite.php(44): require_once('C:\\xampp\\htdocs...')
#23 {main}
ERROR - 2025-05-05 06:41:44 --> Error di ArtikelTerkini: You have an error in your SQL syntax; check the manual that corresponds to your MariaDB server version for the right syntax to use near ')
ORDER BY `created_at` DESC
 LIMIT 5' at line 3
ERROR - 2025-05-05 06:41:44 --> mysqli_sql_exception: Unknown column 'kategori' in 'where clause' in C:\xampp\htdocs\lab11_ci\ci4\system\Database\MySQLi\Connection.php:327
Stack trace:
#0 C:\xampp\htdocs\lab11_ci\ci4\system\Database\MySQLi\Connection.php(327): mysqli->query('SELECT *\nFROM `...', 0)
#1 C:\xampp\htdocs\lab11_ci\ci4\system\Database\BaseConnection.php(738): CodeIgniter\Database\MySQLi\Connection->execute('SELECT *\nFROM `...')
#2 C:\xampp\htdocs\lab11_ci\ci4\system\Database\BaseConnection.php(652): CodeIgniter\Database\BaseConnection->simpleQuery('SELECT *\nFROM `...')
#3 C:\xampp\htdocs\lab11_ci\ci4\system\Database\BaseBuilder.php(1649): CodeIgniter\Database\BaseConnection->query('SELECT *\nFROM `...', Array, false)
#4 C:\xampp\htdocs\lab11_ci\ci4\system\Model.php(286): CodeIgniter\Database\BaseBuilder->get()
#5 C:\xampp\htdocs\lab11_ci\ci4\system\BaseModel.php(675): CodeIgniter\Model->doFindAll(0, 0)
#6 C:\xampp\htdocs\lab11_ci\ci4\app\Cells\ArtikelTerkini.php(19): CodeIgniter\BaseModel->findAll()
#7 C:\xampp\htdocs\lab11_ci\ci4\system\View\Cell.php(307): App\Cells\ArtikelTerkini->render('Teknologi')
#8 C:\xampp\htdocs\lab11_ci\ci4\system\View\Cell.php(104): CodeIgniter\View\Cell->renderSimpleClass(Object(App\Cells\ArtikelTerkini), 'render', Array, 'App\\Cells\\Artik...')
#9 C:\xampp\htdocs\lab11_ci\ci4\system\Common.php(1189): CodeIgniter\View\Cell->render('\\App\\Cells\\Arti...', Array, 0, 'AppCellsArtikel...')
#10 C:\xampp\htdocs\lab11_ci\ci4\app\Views\layout\main.php(25): view_cell('\\App\\Cells\\Arti...', Array)
#11 C:\xampp\htdocs\lab11_ci\ci4\system\View\View.php(224): include('C:\\xampp\\htdocs...')
#12 C:\xampp\htdocs\lab11_ci\ci4\system\View\View.php(227): CodeIgniter\View\View->CodeIgniter\View\{closure}()
#13 C:\xampp\htdocs\lab11_ci\ci4\system\View\View.php(240): CodeIgniter\View\View->render('layout/main', Array, true)
#14 C:\xampp\htdocs\lab11_ci\ci4\system\Common.php(1173): CodeIgniter\View\View->render('home', Array, true)
#15 C:\xampp\htdocs\lab11_ci\ci4\app\Controllers\Page.php(44): view('home', Array)
#16 C:\xampp\htdocs\lab11_ci\ci4\system\CodeIgniter.php(933): App\Controllers\Page->index()
#17 C:\xampp\htdocs\lab11_ci\ci4\system\CodeIgniter.php(507): CodeIgniter\CodeIgniter->runController(Object(App\Controllers\Page))
#18 C:\xampp\htdocs\lab11_ci\ci4\system\CodeIgniter.php(354): CodeIgniter\CodeIgniter->handleRequest(NULL, Object(Config\Cache), false)
#19 C:\xampp\htdocs\lab11_ci\ci4\system\Boot.php(334): CodeIgniter\CodeIgniter->run()
#20 C:\xampp\htdocs\lab11_ci\ci4\system\Boot.php(67): CodeIgniter\Boot::runCodeIgniter(Object(CodeIgniter\CodeIgniter))
#21 C:\xampp\htdocs\lab11_ci\ci4\public\index.php(56): CodeIgniter\Boot::bootWeb(Object(Config\Paths))
#22 C:\xampp\htdocs\lab11_ci\ci4\system\rewrite.php(44): require_once('C:\\xampp\\htdocs...')
#23 {main}
ERROR - 2025-05-05 06:41:44 --> Error di ArtikelTerkini: Unknown column 'kategori' in 'where clause'
ERROR - 2025-05-05 06:41:49 --> mysqli_sql_exception: You have an error in your SQL syntax; check the manual that corresponds to your MariaDB server version for the right syntax to use near ')
ORDER BY `created_at` DESC
 LIMIT 5' at line 3 in C:\xampp\htdocs\lab11_ci\ci4\system\Database\MySQLi\Connection.php:327
Stack trace:
#0 C:\xampp\htdocs\lab11_ci\ci4\system\Database\MySQLi\Connection.php(327): mysqli->query('SELECT *\nFROM `...', 0)
#1 C:\xampp\htdocs\lab11_ci\ci4\system\Database\BaseConnection.php(738): CodeIgniter\Database\MySQLi\Connection->execute('SELECT *\nFROM `...')
#2 C:\xampp\htdocs\lab11_ci\ci4\system\Database\BaseConnection.php(652): CodeIgniter\Database\BaseConnection->simpleQuery('SELECT *\nFROM `...')
#3 C:\xampp\htdocs\lab11_ci\ci4\system\Database\BaseBuilder.php(1649): CodeIgniter\Database\BaseConnection->query('SELECT *\nFROM `...', Array, false)
#4 C:\xampp\htdocs\lab11_ci\ci4\system\Model.php(286): CodeIgniter\Database\BaseBuilder->get()
#5 C:\xampp\htdocs\lab11_ci\ci4\system\BaseModel.php(675): CodeIgniter\Model->doFindAll(0, 0)
#6 C:\xampp\htdocs\lab11_ci\ci4\app\Cells\ArtikelTerkini.php(19): CodeIgniter\BaseModel->findAll()
#7 C:\xampp\htdocs\lab11_ci\ci4\system\View\Cell.php(289): App\Cells\ArtikelTerkini->render(Array)
#8 C:\xampp\htdocs\lab11_ci\ci4\system\View\Cell.php(104): CodeIgniter\View\Cell->renderSimpleClass(Object(App\Cells\ArtikelTerkini), 'render', Array, 'App\\Cells\\Artik...')
#9 C:\xampp\htdocs\lab11_ci\ci4\system\Common.php(1189): CodeIgniter\View\Cell->render('\\App\\Cells\\Arti...', Array, 0, 'AppCellsArtikel...')
#10 C:\xampp\htdocs\lab11_ci\ci4\app\Views\layout\main.php(24): view_cell('\\App\\Cells\\Arti...')
#11 C:\xampp\htdocs\lab11_ci\ci4\system\View\View.php(224): include('C:\\xampp\\htdocs...')
#12 C:\xampp\htdocs\lab11_ci\ci4\system\View\View.php(227): CodeIgniter\View\View->CodeIgniter\View\{closure}()
#13 C:\xampp\htdocs\lab11_ci\ci4\system\View\View.php(240): CodeIgniter\View\View->render('layout/main', Array, true)
#14 C:\xampp\htdocs\lab11_ci\ci4\system\Common.php(1173): CodeIgniter\View\View->render('artikel/index', Array, true)
#15 C:\xampp\htdocs\lab11_ci\ci4\app\Controllers\Artikel.php(15): view('artikel/index', Array)
#16 C:\xampp\htdocs\lab11_ci\ci4\system\CodeIgniter.php(933): App\Controllers\Artikel->index()
#17 C:\xampp\htdocs\lab11_ci\ci4\system\CodeIgniter.php(507): CodeIgniter\CodeIgniter->runController(Object(App\Controllers\Artikel))
#18 C:\xampp\htdocs\lab11_ci\ci4\system\CodeIgniter.php(354): CodeIgniter\CodeIgniter->handleRequest(NULL, Object(Config\Cache), false)
#19 C:\xampp\htdocs\lab11_ci\ci4\system\Boot.php(334): CodeIgniter\CodeIgniter->run()
#20 C:\xampp\htdocs\lab11_ci\ci4\system\Boot.php(67): CodeIgniter\Boot::runCodeIgniter(Object(CodeIgniter\CodeIgniter))
#21 C:\xampp\htdocs\lab11_ci\ci4\public\index.php(56): CodeIgniter\Boot::bootWeb(Object(Config\Paths))
#22 C:\xampp\htdocs\lab11_ci\ci4\system\rewrite.php(44): require_once('C:\\xampp\\htdocs...')
#23 {main}
ERROR - 2025-05-05 06:41:49 --> Error di ArtikelTerkini: You have an error in your SQL syntax; check the manual that corresponds to your MariaDB server version for the right syntax to use near ')
ORDER BY `created_at` DESC
 LIMIT 5' at line 3
ERROR - 2025-05-05 06:41:49 --> mysqli_sql_exception: Unknown column 'kategori' in 'where clause' in C:\xampp\htdocs\lab11_ci\ci4\system\Database\MySQLi\Connection.php:327
Stack trace:
#0 C:\xampp\htdocs\lab11_ci\ci4\system\Database\MySQLi\Connection.php(327): mysqli->query('SELECT *\nFROM `...', 0)
#1 C:\xampp\htdocs\lab11_ci\ci4\system\Database\BaseConnection.php(738): CodeIgniter\Database\MySQLi\Connection->execute('SELECT *\nFROM `...')
#2 C:\xampp\htdocs\lab11_ci\ci4\system\Database\BaseConnection.php(652): CodeIgniter\Database\BaseConnection->simpleQuery('SELECT *\nFROM `...')
#3 C:\xampp\htdocs\lab11_ci\ci4\system\Database\BaseBuilder.php(1649): CodeIgniter\Database\BaseConnection->query('SELECT *\nFROM `...', Array, false)
#4 C:\xampp\htdocs\lab11_ci\ci4\system\Model.php(286): CodeIgniter\Database\BaseBuilder->get()
#5 C:\xampp\htdocs\lab11_ci\ci4\system\BaseModel.php(675): CodeIgniter\Model->doFindAll(0, 0)
#6 C:\xampp\htdocs\lab11_ci\ci4\app\Cells\ArtikelTerkini.php(19): CodeIgniter\BaseModel->findAll()
#7 C:\xampp\htdocs\lab11_ci\ci4\system\View\Cell.php(307): App\Cells\ArtikelTerkini->render('Teknologi')
#8 C:\xampp\htdocs\lab11_ci\ci4\system\View\Cell.php(104): CodeIgniter\View\Cell->renderSimpleClass(Object(App\Cells\ArtikelTerkini), 'render', Array, 'App\\Cells\\Artik...')
#9 C:\xampp\htdocs\lab11_ci\ci4\system\Common.php(1189): CodeIgniter\View\Cell->render('\\App\\Cells\\Arti...', Array, 0, 'AppCellsArtikel...')
#10 C:\xampp\htdocs\lab11_ci\ci4\app\Views\layout\main.php(25): view_cell('\\App\\Cells\\Arti...', Array)
#11 C:\xampp\htdocs\lab11_ci\ci4\system\View\View.php(224): include('C:\\xampp\\htdocs...')
#12 C:\xampp\htdocs\lab11_ci\ci4\system\View\View.php(227): CodeIgniter\View\View->CodeIgniter\View\{closure}()
#13 C:\xampp\htdocs\lab11_ci\ci4\system\View\View.php(240): CodeIgniter\View\View->render('layout/main', Array, true)
#14 C:\xampp\htdocs\lab11_ci\ci4\system\Common.php(1173): CodeIgniter\View\View->render('artikel/index', Array, true)
#15 C:\xampp\htdocs\lab11_ci\ci4\app\Controllers\Artikel.php(15): view('artikel/index', Array)
#16 C:\xampp\htdocs\lab11_ci\ci4\system\CodeIgniter.php(933): App\Controllers\Artikel->index()
#17 C:\xampp\htdocs\lab11_ci\ci4\system\CodeIgniter.php(507): CodeIgniter\CodeIgniter->runController(Object(App\Controllers\Artikel))
#18 C:\xampp\htdocs\lab11_ci\ci4\system\CodeIgniter.php(354): CodeIgniter\CodeIgniter->handleRequest(NULL, Object(Config\Cache), false)
#19 C:\xampp\htdocs\lab11_ci\ci4\system\Boot.php(334): CodeIgniter\CodeIgniter->run()
#20 C:\xampp\htdocs\lab11_ci\ci4\system\Boot.php(67): CodeIgniter\Boot::runCodeIgniter(Object(CodeIgniter\CodeIgniter))
#21 C:\xampp\htdocs\lab11_ci\ci4\public\index.php(56): CodeIgniter\Boot::bootWeb(Object(Config\Paths))
#22 C:\xampp\htdocs\lab11_ci\ci4\system\rewrite.php(44): require_once('C:\\xampp\\htdocs...')
#23 {main}
ERROR - 2025-05-05 06:41:49 --> Error di ArtikelTerkini: Unknown column 'kategori' in 'where clause'
CRITICAL - 2025-05-05 06:42:00 --> CodeIgniter\View\Exceptions\ViewException: Invalid file: "user/login.php"
[Method: GET, Route: user/login]
in SYSTEMPATH\Exceptions\FrameworkException.php on line 39.
 1 SYSTEMPATH\View\View.php(212): CodeIgniter\Exceptions\FrameworkException::forInvalidFile('user/login.php')
 2 SYSTEMPATH\Common.php(1173): CodeIgniter\View\View->render('user/login', [], true)
 3 APPPATH\Controllers\User.php(27): view('user/login')
 4 SYSTEMPATH\CodeIgniter.php(933): App\Controllers\User->login()
 5 SYSTEMPATH\CodeIgniter.php(507): CodeIgniter\CodeIgniter->runController(Object(App\Controllers\User))
 6 SYSTEMPATH\CodeIgniter.php(354): CodeIgniter\CodeIgniter->handleRequest(null, Object(Config\Cache), false)
 7 SYSTEMPATH\Boot.php(334): CodeIgniter\CodeIgniter->run()
 8 SYSTEMPATH\Boot.php(67): CodeIgniter\Boot::runCodeIgniter(Object(CodeIgniter\CodeIgniter))
 9 FCPATH\index.php(56): CodeIgniter\Boot::bootWeb(Object(Config\Paths))
10 SYSTEMPATH\rewrite.php(44): require_once('C:\\xampp\\htdocs\\lab11_ci\\ci4\\public\\index.php')
CRITICAL - 2025-05-05 06:42:10 --> CodeIgniter\View\Exceptions\ViewException: Invalid file: "user/login.php"
[Method: GET, Route: user/login]
in SYSTEMPATH\Exceptions\FrameworkException.php on line 39.
 1 SYSTEMPATH\View\View.php(212): CodeIgniter\Exceptions\FrameworkException::forInvalidFile('user/login.php')
 2 SYSTEMPATH\Common.php(1173): CodeIgniter\View\View->render('user/login', [], true)
 3 APPPATH\Controllers\User.php(27): view('user/login')
 4 SYSTEMPATH\CodeIgniter.php(933): App\Controllers\User->login()
 5 SYSTEMPATH\CodeIgniter.php(507): CodeIgniter\CodeIgniter->runController(Object(App\Controllers\User))
 6 SYSTEMPATH\CodeIgniter.php(354): CodeIgniter\CodeIgniter->handleRequest(null, Object(Config\Cache), false)
 7 SYSTEMPATH\Boot.php(334): CodeIgniter\CodeIgniter->run()
 8 SYSTEMPATH\Boot.php(67): CodeIgniter\Boot::runCodeIgniter(Object(CodeIgniter\CodeIgniter))
 9 FCPATH\index.php(56): CodeIgniter\Boot::bootWeb(Object(Config\Paths))
10 SYSTEMPATH\rewrite.php(44): require_once('C:\\xampp\\htdocs\\lab11_ci\\ci4\\public\\index.php')
CRITICAL - 2025-05-05 06:43:37 --> CodeIgniter\View\Exceptions\ViewException: Invalid file: "user/login.php"
[Method: GET, Route: user/login]
in SYSTEMPATH\Exceptions\FrameworkException.php on line 39.
 1 SYSTEMPATH\View\View.php(212): CodeIgniter\Exceptions\FrameworkException::forInvalidFile('user/login.php')
 2 SYSTEMPATH\Common.php(1173): CodeIgniter\View\View->render('user/login', [], true)
 3 APPPATH\Controllers\User.php(27): view('user/login')
 4 SYSTEMPATH\CodeIgniter.php(933): App\Controllers\User->login()
 5 SYSTEMPATH\CodeIgniter.php(507): CodeIgniter\CodeIgniter->runController(Object(App\Controllers\User))
 6 SYSTEMPATH\CodeIgniter.php(354): CodeIgniter\CodeIgniter->handleRequest(null, Object(Config\Cache), false)
 7 SYSTEMPATH\Boot.php(334): CodeIgniter\CodeIgniter->run()
 8 SYSTEMPATH\Boot.php(67): CodeIgniter\Boot::runCodeIgniter(Object(CodeIgniter\CodeIgniter))
 9 FCPATH\index.php(56): CodeIgniter\Boot::bootWeb(Object(Config\Paths))
10 SYSTEMPATH\rewrite.php(44): require_once('C:\\xampp\\htdocs\\lab11_ci\\ci4\\public\\index.php')
CRITICAL - 2025-05-05 06:43:37 --> CodeIgniter\View\Exceptions\ViewException: Invalid file: "user/login.php"
[Method: GET, Route: user/login]
in SYSTEMPATH\Exceptions\FrameworkException.php on line 39.
 1 SYSTEMPATH\View\View.php(212): CodeIgniter\Exceptions\FrameworkException::forInvalidFile('user/login.php')
 2 SYSTEMPATH\Common.php(1173): CodeIgniter\View\View->render('user/login', [], true)
 3 APPPATH\Controllers\User.php(27): view('user/login')
 4 SYSTEMPATH\CodeIgniter.php(933): App\Controllers\User->login()
 5 SYSTEMPATH\CodeIgniter.php(507): CodeIgniter\CodeIgniter->runController(Object(App\Controllers\User))
 6 SYSTEMPATH\CodeIgniter.php(354): CodeIgniter\CodeIgniter->handleRequest(null, Object(Config\Cache), false)
 7 SYSTEMPATH\Boot.php(334): CodeIgniter\CodeIgniter->run()
 8 SYSTEMPATH\Boot.php(67): CodeIgniter\Boot::runCodeIgniter(Object(CodeIgniter\CodeIgniter))
 9 FCPATH\index.php(56): CodeIgniter\Boot::bootWeb(Object(Config\Paths))
10 SYSTEMPATH\rewrite.php(44): require_once('C:\\xampp\\htdocs\\lab11_ci\\ci4\\public\\index.php')
ERROR - 2025-05-05 06:43:39 --> mysqli_sql_exception: You have an error in your SQL syntax; check the manual that corresponds to your MariaDB server version for the right syntax to use near ')
ORDER BY `created_at` DESC
 LIMIT 5' at line 3 in C:\xampp\htdocs\lab11_ci\ci4\system\Database\MySQLi\Connection.php:327
Stack trace:
#0 C:\xampp\htdocs\lab11_ci\ci4\system\Database\MySQLi\Connection.php(327): mysqli->query('SELECT *\nFROM `...', 0)
#1 C:\xampp\htdocs\lab11_ci\ci4\system\Database\BaseConnection.php(738): CodeIgniter\Database\MySQLi\Connection->execute('SELECT *\nFROM `...')
#2 C:\xampp\htdocs\lab11_ci\ci4\system\Database\BaseConnection.php(652): CodeIgniter\Database\BaseConnection->simpleQuery('SELECT *\nFROM `...')
#3 C:\xampp\htdocs\lab11_ci\ci4\system\Database\BaseBuilder.php(1649): CodeIgniter\Database\BaseConnection->query('SELECT *\nFROM `...', Array, false)
#4 C:\xampp\htdocs\lab11_ci\ci4\system\Model.php(286): CodeIgniter\Database\BaseBuilder->get()
#5 C:\xampp\htdocs\lab11_ci\ci4\system\BaseModel.php(675): CodeIgniter\Model->doFindAll(0, 0)
#6 C:\xampp\htdocs\lab11_ci\ci4\app\Cells\ArtikelTerkini.php(19): CodeIgniter\BaseModel->findAll()
#7 C:\xampp\htdocs\lab11_ci\ci4\system\View\Cell.php(289): App\Cells\ArtikelTerkini->render(Array)
#8 C:\xampp\htdocs\lab11_ci\ci4\system\View\Cell.php(104): CodeIgniter\View\Cell->renderSimpleClass(Object(App\Cells\ArtikelTerkini), 'render', Array, 'App\\Cells\\Artik...')
#9 C:\xampp\htdocs\lab11_ci\ci4\system\Common.php(1189): CodeIgniter\View\Cell->render('\\App\\Cells\\Arti...', Array, 0, 'AppCellsArtikel...')
#10 C:\xampp\htdocs\lab11_ci\ci4\app\Views\layout\main.php(24): view_cell('\\App\\Cells\\Arti...')
#11 C:\xampp\htdocs\lab11_ci\ci4\system\View\View.php(224): include('C:\\xampp\\htdocs...')
#12 C:\xampp\htdocs\lab11_ci\ci4\system\View\View.php(227): CodeIgniter\View\View->CodeIgniter\View\{closure}()
#13 C:\xampp\htdocs\lab11_ci\ci4\system\View\View.php(240): CodeIgniter\View\View->render('layout/main', Array, true)
#14 C:\xampp\htdocs\lab11_ci\ci4\system\Common.php(1173): CodeIgniter\View\View->render('artikel/index', Array, true)
#15 C:\xampp\htdocs\lab11_ci\ci4\app\Controllers\Artikel.php(15): view('artikel/index', Array)
#16 C:\xampp\htdocs\lab11_ci\ci4\system\CodeIgniter.php(933): App\Controllers\Artikel->index()
#17 C:\xampp\htdocs\lab11_ci\ci4\system\CodeIgniter.php(507): CodeIgniter\CodeIgniter->runController(Object(App\Controllers\Artikel))
#18 C:\xampp\htdocs\lab11_ci\ci4\system\CodeIgniter.php(354): CodeIgniter\CodeIgniter->handleRequest(NULL, Object(Config\Cache), false)
#19 C:\xampp\htdocs\lab11_ci\ci4\system\Boot.php(334): CodeIgniter\CodeIgniter->run()
#20 C:\xampp\htdocs\lab11_ci\ci4\system\Boot.php(67): CodeIgniter\Boot::runCodeIgniter(Object(CodeIgniter\CodeIgniter))
#21 C:\xampp\htdocs\lab11_ci\ci4\public\index.php(56): CodeIgniter\Boot::bootWeb(Object(Config\Paths))
#22 C:\xampp\htdocs\lab11_ci\ci4\system\rewrite.php(44): require_once('C:\\xampp\\htdocs...')
#23 {main}
ERROR - 2025-05-05 06:43:39 --> Error di ArtikelTerkini: You have an error in your SQL syntax; check the manual that corresponds to your MariaDB server version for the right syntax to use near ')
ORDER BY `created_at` DESC
 LIMIT 5' at line 3
ERROR - 2025-05-05 06:43:42 --> mysqli_sql_exception: You have an error in your SQL syntax; check the manual that corresponds to your MariaDB server version for the right syntax to use near ')
ORDER BY `created_at` DESC
 LIMIT 5' at line 3 in C:\xampp\htdocs\lab11_ci\ci4\system\Database\MySQLi\Connection.php:327
Stack trace:
#0 C:\xampp\htdocs\lab11_ci\ci4\system\Database\MySQLi\Connection.php(327): mysqli->query('SELECT *\nFROM `...', 0)
#1 C:\xampp\htdocs\lab11_ci\ci4\system\Database\BaseConnection.php(738): CodeIgniter\Database\MySQLi\Connection->execute('SELECT *\nFROM `...')
#2 C:\xampp\htdocs\lab11_ci\ci4\system\Database\BaseConnection.php(652): CodeIgniter\Database\BaseConnection->simpleQuery('SELECT *\nFROM `...')
#3 C:\xampp\htdocs\lab11_ci\ci4\system\Database\BaseBuilder.php(1649): CodeIgniter\Database\BaseConnection->query('SELECT *\nFROM `...', Array, false)
#4 C:\xampp\htdocs\lab11_ci\ci4\system\Model.php(286): CodeIgniter\Database\BaseBuilder->get()
#5 C:\xampp\htdocs\lab11_ci\ci4\system\BaseModel.php(675): CodeIgniter\Model->doFindAll(0, 0)
#6 C:\xampp\htdocs\lab11_ci\ci4\app\Cells\ArtikelTerkini.php(19): CodeIgniter\BaseModel->findAll()
#7 C:\xampp\htdocs\lab11_ci\ci4\system\View\Cell.php(289): App\Cells\ArtikelTerkini->render(Array)
#8 C:\xampp\htdocs\lab11_ci\ci4\system\View\Cell.php(104): CodeIgniter\View\Cell->renderSimpleClass(Object(App\Cells\ArtikelTerkini), 'render', Array, 'App\\Cells\\Artik...')
#9 C:\xampp\htdocs\lab11_ci\ci4\system\Common.php(1189): CodeIgniter\View\Cell->render('\\App\\Cells\\Arti...', Array, 0, 'AppCellsArtikel...')
#10 C:\xampp\htdocs\lab11_ci\ci4\app\Views\layout\main.php(24): view_cell('\\App\\Cells\\Arti...')
#11 C:\xampp\htdocs\lab11_ci\ci4\system\View\View.php(224): include('C:\\xampp\\htdocs...')
#12 C:\xampp\htdocs\lab11_ci\ci4\system\View\View.php(227): CodeIgniter\View\View->CodeIgniter\View\{closure}()
#13 C:\xampp\htdocs\lab11_ci\ci4\system\View\View.php(240): CodeIgniter\View\View->render('layout/main', Array, true)
#14 C:\xampp\htdocs\lab11_ci\ci4\system\Common.php(1173): CodeIgniter\View\View->render('artikel/index', Array, true)
#15 C:\xampp\htdocs\lab11_ci\ci4\app\Controllers\Artikel.php(15): view('artikel/index', Array)
#16 C:\xampp\htdocs\lab11_ci\ci4\system\CodeIgniter.php(933): App\Controllers\Artikel->index()
#17 C:\xampp\htdocs\lab11_ci\ci4\system\CodeIgniter.php(507): CodeIgniter\CodeIgniter->runController(Object(App\Controllers\Artikel))
#18 C:\xampp\htdocs\lab11_ci\ci4\system\CodeIgniter.php(354): CodeIgniter\CodeIgniter->handleRequest(NULL, Object(Config\Cache), false)
#19 C:\xampp\htdocs\lab11_ci\ci4\system\Boot.php(334): CodeIgniter\CodeIgniter->run()
#20 C:\xampp\htdocs\lab11_ci\ci4\system\Boot.php(67): CodeIgniter\Boot::runCodeIgniter(Object(CodeIgniter\CodeIgniter))
#21 C:\xampp\htdocs\lab11_ci\ci4\public\index.php(56): CodeIgniter\Boot::bootWeb(Object(Config\Paths))
#22 C:\xampp\htdocs\lab11_ci\ci4\system\rewrite.php(44): require_once('C:\\xampp\\htdocs...')
#23 {main}
ERROR - 2025-05-05 06:43:42 --> Error di ArtikelTerkini: You have an error in your SQL syntax; check the manual that corresponds to your MariaDB server version for the right syntax to use near ')
ORDER BY `created_at` DESC
 LIMIT 5' at line 3
ERROR - 2025-05-05 06:43:45 --> mysqli_sql_exception: You have an error in your SQL syntax; check the manual that corresponds to your MariaDB server version for the right syntax to use near ')
ORDER BY `created_at` DESC
 LIMIT 5' at line 3 in C:\xampp\htdocs\lab11_ci\ci4\system\Database\MySQLi\Connection.php:327
Stack trace:
#0 C:\xampp\htdocs\lab11_ci\ci4\system\Database\MySQLi\Connection.php(327): mysqli->query('SELECT *\nFROM `...', 0)
#1 C:\xampp\htdocs\lab11_ci\ci4\system\Database\BaseConnection.php(738): CodeIgniter\Database\MySQLi\Connection->execute('SELECT *\nFROM `...')
#2 C:\xampp\htdocs\lab11_ci\ci4\system\Database\BaseConnection.php(652): CodeIgniter\Database\BaseConnection->simpleQuery('SELECT *\nFROM `...')
#3 C:\xampp\htdocs\lab11_ci\ci4\system\Database\BaseBuilder.php(1649): CodeIgniter\Database\BaseConnection->query('SELECT *\nFROM `...', Array, false)
#4 C:\xampp\htdocs\lab11_ci\ci4\system\Model.php(286): CodeIgniter\Database\BaseBuilder->get()
#5 C:\xampp\htdocs\lab11_ci\ci4\system\BaseModel.php(675): CodeIgniter\Model->doFindAll(0, 0)
#6 C:\xampp\htdocs\lab11_ci\ci4\app\Cells\ArtikelTerkini.php(19): CodeIgniter\BaseModel->findAll()
#7 C:\xampp\htdocs\lab11_ci\ci4\system\View\Cell.php(289): App\Cells\ArtikelTerkini->render(Array)
#8 C:\xampp\htdocs\lab11_ci\ci4\system\View\Cell.php(104): CodeIgniter\View\Cell->renderSimpleClass(Object(App\Cells\ArtikelTerkini), 'render', Array, 'App\\Cells\\Artik...')
#9 C:\xampp\htdocs\lab11_ci\ci4\system\Common.php(1189): CodeIgniter\View\Cell->render('\\App\\Cells\\Arti...', Array, 0, 'AppCellsArtikel...')
#10 C:\xampp\htdocs\lab11_ci\ci4\app\Views\layout\main.php(24): view_cell('\\App\\Cells\\Arti...')
#11 C:\xampp\htdocs\lab11_ci\ci4\system\View\View.php(224): include('C:\\xampp\\htdocs...')
#12 C:\xampp\htdocs\lab11_ci\ci4\system\View\View.php(227): CodeIgniter\View\View->CodeIgniter\View\{closure}()
#13 C:\xampp\htdocs\lab11_ci\ci4\system\View\View.php(240): CodeIgniter\View\View->render('layout/main', Array, true)
#14 C:\xampp\htdocs\lab11_ci\ci4\system\Common.php(1173): CodeIgniter\View\View->render('home', Array, true)
#15 C:\xampp\htdocs\lab11_ci\ci4\app\Controllers\Page.php(44): view('home', Array)
#16 C:\xampp\htdocs\lab11_ci\ci4\system\CodeIgniter.php(933): App\Controllers\Page->index()
#17 C:\xampp\htdocs\lab11_ci\ci4\system\CodeIgniter.php(507): CodeIgniter\CodeIgniter->runController(Object(App\Controllers\Page))
#18 C:\xampp\htdocs\lab11_ci\ci4\system\CodeIgniter.php(354): CodeIgniter\CodeIgniter->handleRequest(NULL, Object(Config\Cache), false)
#19 C:\xampp\htdocs\lab11_ci\ci4\system\Boot.php(334): CodeIgniter\CodeIgniter->run()
#20 C:\xampp\htdocs\lab11_ci\ci4\system\Boot.php(67): CodeIgniter\Boot::runCodeIgniter(Object(CodeIgniter\CodeIgniter))
#21 C:\xampp\htdocs\lab11_ci\ci4\public\index.php(56): CodeIgniter\Boot::bootWeb(Object(Config\Paths))
#22 C:\xampp\htdocs\lab11_ci\ci4\system\rewrite.php(44): require_once('C:\\xampp\\htdocs...')
#23 {main}
ERROR - 2025-05-05 06:43:45 --> Error di ArtikelTerkini: You have an error in your SQL syntax; check the manual that corresponds to your MariaDB server version for the right syntax to use near ')
ORDER BY `created_at` DESC
 LIMIT 5' at line 3
ERROR - 2025-05-05 06:49:29 --> mysqli_sql_exception: You have an error in your SQL syntax; check the manual that corresponds to your MariaDB server version for the right syntax to use near ')
ORDER BY `created_at` DESC
 LIMIT 5' at line 3 in C:\xampp\htdocs\lab11_ci\ci4\system\Database\MySQLi\Connection.php:327
Stack trace:
#0 C:\xampp\htdocs\lab11_ci\ci4\system\Database\MySQLi\Connection.php(327): mysqli->query('SELECT *\nFROM `...', 0)
#1 C:\xampp\htdocs\lab11_ci\ci4\system\Database\BaseConnection.php(738): CodeIgniter\Database\MySQLi\Connection->execute('SELECT *\nFROM `...')
#2 C:\xampp\htdocs\lab11_ci\ci4\system\Database\BaseConnection.php(652): CodeIgniter\Database\BaseConnection->simpleQuery('SELECT *\nFROM `...')
#3 C:\xampp\htdocs\lab11_ci\ci4\system\Database\BaseBuilder.php(1649): CodeIgniter\Database\BaseConnection->query('SELECT *\nFROM `...', Array, false)
#4 C:\xampp\htdocs\lab11_ci\ci4\system\Model.php(286): CodeIgniter\Database\BaseBuilder->get()
#5 C:\xampp\htdocs\lab11_ci\ci4\system\BaseModel.php(675): CodeIgniter\Model->doFindAll(0, 0)
#6 C:\xampp\htdocs\lab11_ci\ci4\app\Cells\ArtikelTerkini.php(19): CodeIgniter\BaseModel->findAll()
#7 C:\xampp\htdocs\lab11_ci\ci4\system\View\Cell.php(289): App\Cells\ArtikelTerkini->render(Array)
#8 C:\xampp\htdocs\lab11_ci\ci4\system\View\Cell.php(104): CodeIgniter\View\Cell->renderSimpleClass(Object(App\Cells\ArtikelTerkini), 'render', Array, 'App\\Cells\\Artik...')
#9 C:\xampp\htdocs\lab11_ci\ci4\system\Common.php(1189): CodeIgniter\View\Cell->render('\\App\\Cells\\Arti...', Array, 0, 'AppCellsArtikel...')
#10 C:\xampp\htdocs\lab11_ci\ci4\app\Views\layout\main.php(24): view_cell('\\App\\Cells\\Arti...')
#11 C:\xampp\htdocs\lab11_ci\ci4\system\View\View.php(224): include('C:\\xampp\\htdocs...')
#12 C:\xampp\htdocs\lab11_ci\ci4\system\View\View.php(227): CodeIgniter\View\View->CodeIgniter\View\{closure}()
#13 C:\xampp\htdocs\lab11_ci\ci4\system\View\View.php(240): CodeIgniter\View\View->render('layout/main', Array, true)
#14 C:\xampp\htdocs\lab11_ci\ci4\system\Common.php(1173): CodeIgniter\View\View->render('home', Array, true)
#15 C:\xampp\htdocs\lab11_ci\ci4\app\Controllers\Page.php(44): view('home', Array)
#16 C:\xampp\htdocs\lab11_ci\ci4\system\CodeIgniter.php(933): App\Controllers\Page->index()
#17 C:\xampp\htdocs\lab11_ci\ci4\system\CodeIgniter.php(507): CodeIgniter\CodeIgniter->runController(Object(App\Controllers\Page))
#18 C:\xampp\htdocs\lab11_ci\ci4\system\CodeIgniter.php(354): CodeIgniter\CodeIgniter->handleRequest(NULL, Object(Config\Cache), false)
#19 C:\xampp\htdocs\lab11_ci\ci4\system\Boot.php(334): CodeIgniter\CodeIgniter->run()
#20 C:\xampp\htdocs\lab11_ci\ci4\system\Boot.php(67): CodeIgniter\Boot::runCodeIgniter(Object(CodeIgniter\CodeIgniter))
#21 C:\xampp\htdocs\lab11_ci\ci4\public\index.php(56): CodeIgniter\Boot::bootWeb(Object(Config\Paths))
#22 C:\xampp\htdocs\lab11_ci\ci4\system\rewrite.php(44): require_once('C:\\xampp\\htdocs...')
#23 {main}
ERROR - 2025-05-05 06:49:29 --> Error di ArtikelTerkini: You have an error in your SQL syntax; check the manual that corresponds to your MariaDB server version for the right syntax to use near ')
ORDER BY `created_at` DESC
 LIMIT 5' at line 3
ERROR - 2025-05-05 06:49:29 --> mysqli_sql_exception: You have an error in your SQL syntax; check the manual that corresponds to your MariaDB server version for the right syntax to use near ')
ORDER BY `created_at` DESC
 LIMIT 5' at line 3 in C:\xampp\htdocs\lab11_ci\ci4\system\Database\MySQLi\Connection.php:327
Stack trace:
#0 C:\xampp\htdocs\lab11_ci\ci4\system\Database\MySQLi\Connection.php(327): mysqli->query('SELECT *\nFROM `...', 0)
#1 C:\xampp\htdocs\lab11_ci\ci4\system\Database\BaseConnection.php(738): CodeIgniter\Database\MySQLi\Connection->execute('SELECT *\nFROM `...')
#2 C:\xampp\htdocs\lab11_ci\ci4\system\Database\BaseConnection.php(652): CodeIgniter\Database\BaseConnection->simpleQuery('SELECT *\nFROM `...')
#3 C:\xampp\htdocs\lab11_ci\ci4\system\Database\BaseBuilder.php(1649): CodeIgniter\Database\BaseConnection->query('SELECT *\nFROM `...', Array, false)
#4 C:\xampp\htdocs\lab11_ci\ci4\system\Model.php(286): CodeIgniter\Database\BaseBuilder->get()
#5 C:\xampp\htdocs\lab11_ci\ci4\system\BaseModel.php(675): CodeIgniter\Model->doFindAll(0, 0)
#6 C:\xampp\htdocs\lab11_ci\ci4\app\Cells\ArtikelTerkini.php(19): CodeIgniter\BaseModel->findAll()
#7 C:\xampp\htdocs\lab11_ci\ci4\system\View\Cell.php(289): App\Cells\ArtikelTerkini->render(Array)
#8 C:\xampp\htdocs\lab11_ci\ci4\system\View\Cell.php(104): CodeIgniter\View\Cell->renderSimpleClass(Object(App\Cells\ArtikelTerkini), 'render', Array, 'App\\Cells\\Artik...')
#9 C:\xampp\htdocs\lab11_ci\ci4\system\Common.php(1189): CodeIgniter\View\Cell->render('\\App\\Cells\\Arti...', Array, 0, 'AppCellsArtikel...')
#10 C:\xampp\htdocs\lab11_ci\ci4\app\Views\layout\main.php(24): view_cell('\\App\\Cells\\Arti...')
#11 C:\xampp\htdocs\lab11_ci\ci4\system\View\View.php(224): include('C:\\xampp\\htdocs...')
#12 C:\xampp\htdocs\lab11_ci\ci4\system\View\View.php(227): CodeIgniter\View\View->CodeIgniter\View\{closure}()
#13 C:\xampp\htdocs\lab11_ci\ci4\system\View\View.php(240): CodeIgniter\View\View->render('layout/main', Array, true)
#14 C:\xampp\htdocs\lab11_ci\ci4\system\Common.php(1173): CodeIgniter\View\View->render('home', Array, true)
#15 C:\xampp\htdocs\lab11_ci\ci4\app\Controllers\Page.php(44): view('home', Array)
#16 C:\xampp\htdocs\lab11_ci\ci4\system\CodeIgniter.php(933): App\Controllers\Page->index()
#17 C:\xampp\htdocs\lab11_ci\ci4\system\CodeIgniter.php(507): CodeIgniter\CodeIgniter->runController(Object(App\Controllers\Page))
#18 C:\xampp\htdocs\lab11_ci\ci4\system\CodeIgniter.php(354): CodeIgniter\CodeIgniter->handleRequest(NULL, Object(Config\Cache), false)
#19 C:\xampp\htdocs\lab11_ci\ci4\system\Boot.php(334): CodeIgniter\CodeIgniter->run()
#20 C:\xampp\htdocs\lab11_ci\ci4\system\Boot.php(67): CodeIgniter\Boot::runCodeIgniter(Object(CodeIgniter\CodeIgniter))
#21 C:\xampp\htdocs\lab11_ci\ci4\public\index.php(56): CodeIgniter\Boot::bootWeb(Object(Config\Paths))
#22 C:\xampp\htdocs\lab11_ci\ci4\system\rewrite.php(44): require_once('C:\\xampp\\htdocs...')
#23 {main}
ERROR - 2025-05-05 06:49:29 --> Error di ArtikelTerkini: You have an error in your SQL syntax; check the manual that corresponds to your MariaDB server version for the right syntax to use near ')
ORDER BY `created_at` DESC
 LIMIT 5' at line 3
ERROR - 2025-05-05 06:49:29 --> mysqli_sql_exception: You have an error in your SQL syntax; check the manual that corresponds to your MariaDB server version for the right syntax to use near ')
ORDER BY `created_at` DESC
 LIMIT 5' at line 3 in C:\xampp\htdocs\lab11_ci\ci4\system\Database\MySQLi\Connection.php:327
Stack trace:
#0 C:\xampp\htdocs\lab11_ci\ci4\system\Database\MySQLi\Connection.php(327): mysqli->query('SELECT *\nFROM `...', 0)
#1 C:\xampp\htdocs\lab11_ci\ci4\system\Database\BaseConnection.php(738): CodeIgniter\Database\MySQLi\Connection->execute('SELECT *\nFROM `...')
#2 C:\xampp\htdocs\lab11_ci\ci4\system\Database\BaseConnection.php(652): CodeIgniter\Database\BaseConnection->simpleQuery('SELECT *\nFROM `...')
#3 C:\xampp\htdocs\lab11_ci\ci4\system\Database\BaseBuilder.php(1649): CodeIgniter\Database\BaseConnection->query('SELECT *\nFROM `...', Array, false)
#4 C:\xampp\htdocs\lab11_ci\ci4\system\Model.php(286): CodeIgniter\Database\BaseBuilder->get()
#5 C:\xampp\htdocs\lab11_ci\ci4\system\BaseModel.php(675): CodeIgniter\Model->doFindAll(0, 0)
#6 C:\xampp\htdocs\lab11_ci\ci4\app\Cells\ArtikelTerkini.php(19): CodeIgniter\BaseModel->findAll()
#7 C:\xampp\htdocs\lab11_ci\ci4\system\View\Cell.php(289): App\Cells\ArtikelTerkini->render(Array)
#8 C:\xampp\htdocs\lab11_ci\ci4\system\View\Cell.php(104): CodeIgniter\View\Cell->renderSimpleClass(Object(App\Cells\ArtikelTerkini), 'render', Array, 'App\\Cells\\Artik...')
#9 C:\xampp\htdocs\lab11_ci\ci4\system\Common.php(1189): CodeIgniter\View\Cell->render('\\App\\Cells\\Arti...', Array, 0, 'AppCellsArtikel...')
#10 C:\xampp\htdocs\lab11_ci\ci4\app\Views\layout\main.php(24): view_cell('\\App\\Cells\\Arti...')
#11 C:\xampp\htdocs\lab11_ci\ci4\system\View\View.php(224): include('C:\\xampp\\htdocs...')
#12 C:\xampp\htdocs\lab11_ci\ci4\system\View\View.php(227): CodeIgniter\View\View->CodeIgniter\View\{closure}()
#13 C:\xampp\htdocs\lab11_ci\ci4\system\View\View.php(240): CodeIgniter\View\View->render('layout/main', Array, true)
#14 C:\xampp\htdocs\lab11_ci\ci4\system\Common.php(1173): CodeIgniter\View\View->render('home', Array, true)
#15 C:\xampp\htdocs\lab11_ci\ci4\app\Controllers\Page.php(44): view('home', Array)
#16 C:\xampp\htdocs\lab11_ci\ci4\system\CodeIgniter.php(933): App\Controllers\Page->index()
#17 C:\xampp\htdocs\lab11_ci\ci4\system\CodeIgniter.php(507): CodeIgniter\CodeIgniter->runController(Object(App\Controllers\Page))
#18 C:\xampp\htdocs\lab11_ci\ci4\system\CodeIgniter.php(354): CodeIgniter\CodeIgniter->handleRequest(NULL, Object(Config\Cache), false)
#19 C:\xampp\htdocs\lab11_ci\ci4\system\Boot.php(334): CodeIgniter\CodeIgniter->run()
#20 C:\xampp\htdocs\lab11_ci\ci4\system\Boot.php(67): CodeIgniter\Boot::runCodeIgniter(Object(CodeIgniter\CodeIgniter))
#21 C:\xampp\htdocs\lab11_ci\ci4\public\index.php(56): CodeIgniter\Boot::bootWeb(Object(Config\Paths))
#22 C:\xampp\htdocs\lab11_ci\ci4\system\rewrite.php(44): require_once('C:\\xampp\\htdocs...')
#23 {main}
ERROR - 2025-05-05 06:49:29 --> Error di ArtikelTerkini: You have an error in your SQL syntax; check the manual that corresponds to your MariaDB server version for the right syntax to use near ')
ORDER BY `created_at` DESC
 LIMIT 5' at line 3
ERROR - 2025-05-05 06:50:24 --> mysqli_sql_exception: You have an error in your SQL syntax; check the manual that corresponds to your MariaDB server version for the right syntax to use near ')
ORDER BY `created_at` DESC
 LIMIT 5' at line 3 in C:\xampp\htdocs\lab11_ci\ci4\system\Database\MySQLi\Connection.php:327
Stack trace:
#0 C:\xampp\htdocs\lab11_ci\ci4\system\Database\MySQLi\Connection.php(327): mysqli->query('SELECT *\nFROM `...', 0)
#1 C:\xampp\htdocs\lab11_ci\ci4\system\Database\BaseConnection.php(738): CodeIgniter\Database\MySQLi\Connection->execute('SELECT *\nFROM `...')
#2 C:\xampp\htdocs\lab11_ci\ci4\system\Database\BaseConnection.php(652): CodeIgniter\Database\BaseConnection->simpleQuery('SELECT *\nFROM `...')
#3 C:\xampp\htdocs\lab11_ci\ci4\system\Database\BaseBuilder.php(1649): CodeIgniter\Database\BaseConnection->query('SELECT *\nFROM `...', Array, false)
#4 C:\xampp\htdocs\lab11_ci\ci4\system\Model.php(286): CodeIgniter\Database\BaseBuilder->get()
#5 C:\xampp\htdocs\lab11_ci\ci4\system\BaseModel.php(675): CodeIgniter\Model->doFindAll(0, 0)
#6 C:\xampp\htdocs\lab11_ci\ci4\app\Cells\ArtikelTerkini.php(19): CodeIgniter\BaseModel->findAll()
#7 C:\xampp\htdocs\lab11_ci\ci4\system\View\Cell.php(289): App\Cells\ArtikelTerkini->render(Array)
#8 C:\xampp\htdocs\lab11_ci\ci4\system\View\Cell.php(104): CodeIgniter\View\Cell->renderSimpleClass(Object(App\Cells\ArtikelTerkini), 'render', Array, 'App\\Cells\\Artik...')
#9 C:\xampp\htdocs\lab11_ci\ci4\system\Common.php(1189): CodeIgniter\View\Cell->render('\\App\\Cells\\Arti...', Array, 0, 'AppCellsArtikel...')
#10 C:\xampp\htdocs\lab11_ci\ci4\app\Views\layout\main.php(24): view_cell('\\App\\Cells\\Arti...')
#11 C:\xampp\htdocs\lab11_ci\ci4\system\View\View.php(224): include('C:\\xampp\\htdocs...')
#12 C:\xampp\htdocs\lab11_ci\ci4\system\View\View.php(227): CodeIgniter\View\View->CodeIgniter\View\{closure}()
#13 C:\xampp\htdocs\lab11_ci\ci4\system\View\View.php(240): CodeIgniter\View\View->render('layout/main', Array, true)
#14 C:\xampp\htdocs\lab11_ci\ci4\system\Common.php(1173): CodeIgniter\View\View->render('home', Array, true)
#15 C:\xampp\htdocs\lab11_ci\ci4\app\Controllers\Page.php(44): view('home', Array)
#16 C:\xampp\htdocs\lab11_ci\ci4\system\CodeIgniter.php(933): App\Controllers\Page->index()
#17 C:\xampp\htdocs\lab11_ci\ci4\system\CodeIgniter.php(507): CodeIgniter\CodeIgniter->runController(Object(App\Controllers\Page))
#18 C:\xampp\htdocs\lab11_ci\ci4\system\CodeIgniter.php(354): CodeIgniter\CodeIgniter->handleRequest(NULL, Object(Config\Cache), false)
#19 C:\xampp\htdocs\lab11_ci\ci4\system\Boot.php(334): CodeIgniter\CodeIgniter->run()
#20 C:\xampp\htdocs\lab11_ci\ci4\system\Boot.php(67): CodeIgniter\Boot::runCodeIgniter(Object(CodeIgniter\CodeIgniter))
#21 C:\xampp\htdocs\lab11_ci\ci4\public\index.php(56): CodeIgniter\Boot::bootWeb(Object(Config\Paths))
#22 C:\xampp\htdocs\lab11_ci\ci4\system\rewrite.php(44): require_once('C:\\xampp\\htdocs...')
#23 {main}
ERROR - 2025-05-05 06:50:24 --> Error di ArtikelTerkini: You have an error in your SQL syntax; check the manual that corresponds to your MariaDB server version for the right syntax to use near ')
ORDER BY `created_at` DESC
 LIMIT 5' at line 3
ERROR - 2025-05-05 06:50:24 --> mysqli_sql_exception: You have an error in your SQL syntax; check the manual that corresponds to your MariaDB server version for the right syntax to use near ')
ORDER BY `created_at` DESC
 LIMIT 5' at line 3 in C:\xampp\htdocs\lab11_ci\ci4\system\Database\MySQLi\Connection.php:327
Stack trace:
#0 C:\xampp\htdocs\lab11_ci\ci4\system\Database\MySQLi\Connection.php(327): mysqli->query('SELECT *\nFROM `...', 0)
#1 C:\xampp\htdocs\lab11_ci\ci4\system\Database\BaseConnection.php(738): CodeIgniter\Database\MySQLi\Connection->execute('SELECT *\nFROM `...')
#2 C:\xampp\htdocs\lab11_ci\ci4\system\Database\BaseConnection.php(652): CodeIgniter\Database\BaseConnection->simpleQuery('SELECT *\nFROM `...')
#3 C:\xampp\htdocs\lab11_ci\ci4\system\Database\BaseBuilder.php(1649): CodeIgniter\Database\BaseConnection->query('SELECT *\nFROM `...', Array, false)
#4 C:\xampp\htdocs\lab11_ci\ci4\system\Model.php(286): CodeIgniter\Database\BaseBuilder->get()
#5 C:\xampp\htdocs\lab11_ci\ci4\system\BaseModel.php(675): CodeIgniter\Model->doFindAll(0, 0)
#6 C:\xampp\htdocs\lab11_ci\ci4\app\Cells\ArtikelTerkini.php(19): CodeIgniter\BaseModel->findAll()
#7 C:\xampp\htdocs\lab11_ci\ci4\system\View\Cell.php(289): App\Cells\ArtikelTerkini->render(Array)
#8 C:\xampp\htdocs\lab11_ci\ci4\system\View\Cell.php(104): CodeIgniter\View\Cell->renderSimpleClass(Object(App\Cells\ArtikelTerkini), 'render', Array, 'App\\Cells\\Artik...')
#9 C:\xampp\htdocs\lab11_ci\ci4\system\Common.php(1189): CodeIgniter\View\Cell->render('\\App\\Cells\\Arti...', Array, 0, 'AppCellsArtikel...')
#10 C:\xampp\htdocs\lab11_ci\ci4\app\Views\layout\main.php(24): view_cell('\\App\\Cells\\Arti...')
#11 C:\xampp\htdocs\lab11_ci\ci4\system\View\View.php(224): include('C:\\xampp\\htdocs...')
#12 C:\xampp\htdocs\lab11_ci\ci4\system\View\View.php(227): CodeIgniter\View\View->CodeIgniter\View\{closure}()
#13 C:\xampp\htdocs\lab11_ci\ci4\system\View\View.php(240): CodeIgniter\View\View->render('layout/main', Array, true)
#14 C:\xampp\htdocs\lab11_ci\ci4\system\Common.php(1173): CodeIgniter\View\View->render('home', Array, true)
#15 C:\xampp\htdocs\lab11_ci\ci4\app\Controllers\Page.php(44): view('home', Array)
#16 C:\xampp\htdocs\lab11_ci\ci4\system\CodeIgniter.php(933): App\Controllers\Page->index()
#17 C:\xampp\htdocs\lab11_ci\ci4\system\CodeIgniter.php(507): CodeIgniter\CodeIgniter->runController(Object(App\Controllers\Page))
#18 C:\xampp\htdocs\lab11_ci\ci4\system\CodeIgniter.php(354): CodeIgniter\CodeIgniter->handleRequest(NULL, Object(Config\Cache), false)
#19 C:\xampp\htdocs\lab11_ci\ci4\system\Boot.php(334): CodeIgniter\CodeIgniter->run()
#20 C:\xampp\htdocs\lab11_ci\ci4\system\Boot.php(67): CodeIgniter\Boot::runCodeIgniter(Object(CodeIgniter\CodeIgniter))
#21 C:\xampp\htdocs\lab11_ci\ci4\public\index.php(56): CodeIgniter\Boot::bootWeb(Object(Config\Paths))
#22 C:\xampp\htdocs\lab11_ci\ci4\system\rewrite.php(44): require_once('C:\\xampp\\htdocs...')
#23 {main}
ERROR - 2025-05-05 06:50:24 --> Error di ArtikelTerkini: You have an error in your SQL syntax; check the manual that corresponds to your MariaDB server version for the right syntax to use near ')
ORDER BY `created_at` DESC
 LIMIT 5' at line 3
CRITICAL - 2025-05-05 06:50:31 --> CodeIgniter\View\Exceptions\ViewException: Invalid file: "user/login.php"
[Method: GET, Route: user/login]
in SYSTEMPATH\Exceptions\FrameworkException.php on line 39.
 1 SYSTEMPATH\View\View.php(212): CodeIgniter\Exceptions\FrameworkException::forInvalidFile('user/login.php')
 2 SYSTEMPATH\Common.php(1173): CodeIgniter\View\View->render('user/login', [], true)
 3 APPPATH\Controllers\User.php(27): view('user/login')
 4 SYSTEMPATH\CodeIgniter.php(933): App\Controllers\User->login()
 5 SYSTEMPATH\CodeIgniter.php(507): CodeIgniter\CodeIgniter->runController(Object(App\Controllers\User))
 6 SYSTEMPATH\CodeIgniter.php(354): CodeIgniter\CodeIgniter->handleRequest(null, Object(Config\Cache), false)
 7 SYSTEMPATH\Boot.php(334): CodeIgniter\CodeIgniter->run()
 8 SYSTEMPATH\Boot.php(67): CodeIgniter\Boot::runCodeIgniter(Object(CodeIgniter\CodeIgniter))
 9 FCPATH\index.php(56): CodeIgniter\Boot::bootWeb(Object(Config\Paths))
10 SYSTEMPATH\rewrite.php(44): require_once('C:\\xampp\\htdocs\\lab11_ci\\ci4\\public\\index.php')
CRITICAL - 2025-05-05 06:51:08 --> CodeIgniter\View\Exceptions\ViewException: Invalid file: "user/login.php"
[Method: GET, Route: user/login]
in SYSTEMPATH\Exceptions\FrameworkException.php on line 39.
 1 SYSTEMPATH\View\View.php(212): CodeIgniter\Exceptions\FrameworkException::forInvalidFile('user/login.php')
 2 SYSTEMPATH\Common.php(1173): CodeIgniter\View\View->render('user/login', [], true)
 3 APPPATH\Controllers\User.php(27): view('user/login')
 4 SYSTEMPATH\CodeIgniter.php(933): App\Controllers\User->login()
 5 SYSTEMPATH\CodeIgniter.php(507): CodeIgniter\CodeIgniter->runController(Object(App\Controllers\User))
 6 SYSTEMPATH\CodeIgniter.php(354): CodeIgniter\CodeIgniter->handleRequest(null, Object(Config\Cache), false)
 7 SYSTEMPATH\Boot.php(334): CodeIgniter\CodeIgniter->run()
 8 SYSTEMPATH\Boot.php(67): CodeIgniter\Boot::runCodeIgniter(Object(CodeIgniter\CodeIgniter))
 9 FCPATH\index.php(56): CodeIgniter\Boot::bootWeb(Object(Config\Paths))
10 SYSTEMPATH\rewrite.php(44): require_once('C:\\xampp\\htdocs\\lab11_ci\\ci4\\public\\index.php')
CRITICAL - 2025-05-05 06:52:20 --> CodeIgniter\View\Exceptions\ViewException: Invalid file: "user/login.php"
[Method: GET, Route: user/login]
in SYSTEMPATH\Exceptions\FrameworkException.php on line 39.
 1 SYSTEMPATH\View\View.php(212): CodeIgniter\Exceptions\FrameworkException::forInvalidFile('user/login.php')
 2 SYSTEMPATH\Common.php(1173): CodeIgniter\View\View->render('user/login', [], true)
 3 APPPATH\Controllers\User.php(27): view('user/login')
 4 SYSTEMPATH\CodeIgniter.php(933): App\Controllers\User->login()
 5 SYSTEMPATH\CodeIgniter.php(507): CodeIgniter\CodeIgniter->runController(Object(App\Controllers\User))
 6 SYSTEMPATH\CodeIgniter.php(354): CodeIgniter\CodeIgniter->handleRequest(null, Object(Config\Cache), false)
 7 SYSTEMPATH\Boot.php(334): CodeIgniter\CodeIgniter->run()
 8 SYSTEMPATH\Boot.php(67): CodeIgniter\Boot::runCodeIgniter(Object(CodeIgniter\CodeIgniter))
 9 FCPATH\index.php(56): CodeIgniter\Boot::bootWeb(Object(Config\Paths))
10 SYSTEMPATH\rewrite.php(44): require_once('C:\\xampp\\htdocs\\lab11_ci\\ci4\\public\\index.php')
ERROR - 2025-05-05 06:57:37 --> mysqli_sql_exception: You have an error in your SQL syntax; check the manual that corresponds to your MariaDB server version for the right syntax to use near ')
ORDER BY `created_at` DESC
 LIMIT 5' at line 3 in C:\xampp\htdocs\lab11_ci\ci4\system\Database\MySQLi\Connection.php:327
Stack trace:
#0 C:\xampp\htdocs\lab11_ci\ci4\system\Database\MySQLi\Connection.php(327): mysqli->query('SELECT *\nFROM `...', 0)
#1 C:\xampp\htdocs\lab11_ci\ci4\system\Database\BaseConnection.php(738): CodeIgniter\Database\MySQLi\Connection->execute('SELECT *\nFROM `...')
#2 C:\xampp\htdocs\lab11_ci\ci4\system\Database\BaseConnection.php(652): CodeIgniter\Database\BaseConnection->simpleQuery('SELECT *\nFROM `...')
#3 C:\xampp\htdocs\lab11_ci\ci4\system\Database\BaseBuilder.php(1649): CodeIgniter\Database\BaseConnection->query('SELECT *\nFROM `...', Array, false)
#4 C:\xampp\htdocs\lab11_ci\ci4\system\Model.php(286): CodeIgniter\Database\BaseBuilder->get()
#5 C:\xampp\htdocs\lab11_ci\ci4\system\BaseModel.php(675): CodeIgniter\Model->doFindAll(0, 0)
#6 C:\xampp\htdocs\lab11_ci\ci4\app\Cells\ArtikelTerkini.php(19): CodeIgniter\BaseModel->findAll()
#7 C:\xampp\htdocs\lab11_ci\ci4\system\View\Cell.php(289): App\Cells\ArtikelTerkini->render(Array)
#8 C:\xampp\htdocs\lab11_ci\ci4\system\View\Cell.php(104): CodeIgniter\View\Cell->renderSimpleClass(Object(App\Cells\ArtikelTerkini), 'render', Array, 'App\\Cells\\Artik...')
#9 C:\xampp\htdocs\lab11_ci\ci4\system\Common.php(1189): CodeIgniter\View\Cell->render('\\App\\Cells\\Arti...', Array, 0, 'AppCellsArtikel...')
#10 C:\xampp\htdocs\lab11_ci\ci4\app\Views\layout\main.php(24): view_cell('\\App\\Cells\\Arti...')
#11 C:\xampp\htdocs\lab11_ci\ci4\system\View\View.php(224): include('C:\\xampp\\htdocs...')
#12 C:\xampp\htdocs\lab11_ci\ci4\system\View\View.php(227): CodeIgniter\View\View->CodeIgniter\View\{closure}()
#13 C:\xampp\htdocs\lab11_ci\ci4\system\View\View.php(240): CodeIgniter\View\View->render('layout/main', Array, true)
#14 C:\xampp\htdocs\lab11_ci\ci4\system\Common.php(1173): CodeIgniter\View\View->render('user/dashboard', Array, true)
#15 C:\xampp\htdocs\lab11_ci\ci4\app\Controllers\User.php(112): view('user/dashboard', Array)
#16 C:\xampp\htdocs\lab11_ci\ci4\system\CodeIgniter.php(933): App\Controllers\User->dashboard()
#17 C:\xampp\htdocs\lab11_ci\ci4\system\CodeIgniter.php(507): CodeIgniter\CodeIgniter->runController(Object(App\Controllers\User))
#18 C:\xampp\htdocs\lab11_ci\ci4\system\CodeIgniter.php(354): CodeIgniter\CodeIgniter->handleRequest(NULL, Object(Config\Cache), false)
#19 C:\xampp\htdocs\lab11_ci\ci4\system\Boot.php(334): CodeIgniter\CodeIgniter->run()
#20 C:\xampp\htdocs\lab11_ci\ci4\system\Boot.php(67): CodeIgniter\Boot::runCodeIgniter(Object(CodeIgniter\CodeIgniter))
#21 C:\xampp\htdocs\lab11_ci\ci4\public\index.php(56): CodeIgniter\Boot::bootWeb(Object(Config\Paths))
#22 C:\xampp\htdocs\lab11_ci\ci4\system\rewrite.php(44): require_once('C:\\xampp\\htdocs...')
#23 {main}
ERROR - 2025-05-05 06:57:37 --> Error di ArtikelTerkini: You have an error in your SQL syntax; check the manual that corresponds to your MariaDB server version for the right syntax to use near ')
ORDER BY `created_at` DESC
 LIMIT 5' at line 3
ERROR - 2025-05-05 06:58:20 --> mysqli_sql_exception: You have an error in your SQL syntax; check the manual that corresponds to your MariaDB server version for the right syntax to use near ')
ORDER BY `created_at` DESC
 LIMIT 5' at line 3 in C:\xampp\htdocs\lab11_ci\ci4\system\Database\MySQLi\Connection.php:327
Stack trace:
#0 C:\xampp\htdocs\lab11_ci\ci4\system\Database\MySQLi\Connection.php(327): mysqli->query('SELECT *\nFROM `...', 0)
#1 C:\xampp\htdocs\lab11_ci\ci4\system\Database\BaseConnection.php(738): CodeIgniter\Database\MySQLi\Connection->execute('SELECT *\nFROM `...')
#2 C:\xampp\htdocs\lab11_ci\ci4\system\Database\BaseConnection.php(652): CodeIgniter\Database\BaseConnection->simpleQuery('SELECT *\nFROM `...')
#3 C:\xampp\htdocs\lab11_ci\ci4\system\Database\BaseBuilder.php(1649): CodeIgniter\Database\BaseConnection->query('SELECT *\nFROM `...', Array, false)
#4 C:\xampp\htdocs\lab11_ci\ci4\system\Model.php(286): CodeIgniter\Database\BaseBuilder->get()
#5 C:\xampp\htdocs\lab11_ci\ci4\system\BaseModel.php(675): CodeIgniter\Model->doFindAll(0, 0)
#6 C:\xampp\htdocs\lab11_ci\ci4\app\Cells\ArtikelTerkini.php(19): CodeIgniter\BaseModel->findAll()
#7 C:\xampp\htdocs\lab11_ci\ci4\system\View\Cell.php(289): App\Cells\ArtikelTerkini->render(Array)
#8 C:\xampp\htdocs\lab11_ci\ci4\system\View\Cell.php(104): CodeIgniter\View\Cell->renderSimpleClass(Object(App\Cells\ArtikelTerkini), 'render', Array, 'App\\Cells\\Artik...')
#9 C:\xampp\htdocs\lab11_ci\ci4\system\Common.php(1189): CodeIgniter\View\Cell->render('\\App\\Cells\\Arti...', Array, 0, 'AppCellsArtikel...')
#10 C:\xampp\htdocs\lab11_ci\ci4\app\Views\layout\main.php(24): view_cell('\\App\\Cells\\Arti...')
#11 C:\xampp\htdocs\lab11_ci\ci4\system\View\View.php(224): include('C:\\xampp\\htdocs...')
#12 C:\xampp\htdocs\lab11_ci\ci4\system\View\View.php(227): CodeIgniter\View\View->CodeIgniter\View\{closure}()
#13 C:\xampp\htdocs\lab11_ci\ci4\system\View\View.php(240): CodeIgniter\View\View->render('layout/main', Array, true)
#14 C:\xampp\htdocs\lab11_ci\ci4\system\Common.php(1173): CodeIgniter\View\View->render('artikel/index', Array, true)
#15 C:\xampp\htdocs\lab11_ci\ci4\app\Controllers\Artikel.php(15): view('artikel/index', Array)
#16 C:\xampp\htdocs\lab11_ci\ci4\system\CodeIgniter.php(933): App\Controllers\Artikel->index()
#17 C:\xampp\htdocs\lab11_ci\ci4\system\CodeIgniter.php(507): CodeIgniter\CodeIgniter->runController(Object(App\Controllers\Artikel))
#18 C:\xampp\htdocs\lab11_ci\ci4\system\CodeIgniter.php(354): CodeIgniter\CodeIgniter->handleRequest(NULL, Object(Config\Cache), false)
#19 C:\xampp\htdocs\lab11_ci\ci4\system\Boot.php(334): CodeIgniter\CodeIgniter->run()
#20 C:\xampp\htdocs\lab11_ci\ci4\system\Boot.php(67): CodeIgniter\Boot::runCodeIgniter(Object(CodeIgniter\CodeIgniter))
#21 C:\xampp\htdocs\lab11_ci\ci4\public\index.php(56): CodeIgniter\Boot::bootWeb(Object(Config\Paths))
#22 C:\xampp\htdocs\lab11_ci\ci4\system\rewrite.php(44): require_once('C:\\xampp\\htdocs...')
#23 {main}
ERROR - 2025-05-05 06:58:20 --> Error di ArtikelTerkini: You have an error in your SQL syntax; check the manual that corresponds to your MariaDB server version for the right syntax to use near ')
ORDER BY `created_at` DESC
 LIMIT 5' at line 3
CRITICAL - 2025-05-05 06:58:38 --> ErrorException: Undefined variable $data
[Method: GET, Route: admin/artikel/edit/3]
in APPPATH\Views\artikel\form_edit.php on line 6.
 1 APPPATH\Views\artikel\form_edit.php(6): CodeIgniter\Debug\Exceptions->errorHandler(2, 'Undefined variable $data', 'C:\\xampp\\htdocs\\lab11_ci\\ci4\\app\\Views\\artikel\\form_edit.php', 6)
 2 SYSTEMPATH\View\View.php(224): include('C:\\xampp\\htdocs\\lab11_ci\\ci4\\app\\Views\\artikel\\form_edit.php')
 3 SYSTEMPATH\View\View.php(227): CodeIgniter\View\View->CodeIgniter\View\{closure}()
 4 SYSTEMPATH\Common.php(1173): CodeIgniter\View\View->render('artikel/form_edit', [], true)
 5 APPPATH\Controllers\Artikel.php(125): view('artikel/form_edit', [...])
 6 SYSTEMPATH\CodeIgniter.php(933): App\Controllers\Artikel->edit('3')
 7 SYSTEMPATH\CodeIgniter.php(507): CodeIgniter\CodeIgniter->runController(Object(App\Controllers\Artikel))
 8 SYSTEMPATH\CodeIgniter.php(354): CodeIgniter\CodeIgniter->handleRequest(null, Object(Config\Cache), false)
 9 SYSTEMPATH\Boot.php(334): CodeIgniter\CodeIgniter->run()
10 SYSTEMPATH\Boot.php(67): CodeIgniter\Boot::runCodeIgniter(Object(CodeIgniter\CodeIgniter))
11 FCPATH\index.php(56): CodeIgniter\Boot::bootWeb(Object(Config\Paths))
12 SYSTEMPATH\rewrite.php(44): require_once('C:\\xampp\\htdocs\\lab11_ci\\ci4\\public\\index.php')
ERROR - 2025-05-05 06:58:45 --> mysqli_sql_exception: You have an error in your SQL syntax; check the manual that corresponds to your MariaDB server version for the right syntax to use near ')
ORDER BY `created_at` DESC
 LIMIT 5' at line 3 in C:\xampp\htdocs\lab11_ci\ci4\system\Database\MySQLi\Connection.php:327
Stack trace:
#0 C:\xampp\htdocs\lab11_ci\ci4\system\Database\MySQLi\Connection.php(327): mysqli->query('SELECT *\nFROM `...', 0)
#1 C:\xampp\htdocs\lab11_ci\ci4\system\Database\BaseConnection.php(738): CodeIgniter\Database\MySQLi\Connection->execute('SELECT *\nFROM `...')
#2 C:\xampp\htdocs\lab11_ci\ci4\system\Database\BaseConnection.php(652): CodeIgniter\Database\BaseConnection->simpleQuery('SELECT *\nFROM `...')
#3 C:\xampp\htdocs\lab11_ci\ci4\system\Database\BaseBuilder.php(1649): CodeIgniter\Database\BaseConnection->query('SELECT *\nFROM `...', Array, false)
#4 C:\xampp\htdocs\lab11_ci\ci4\system\Model.php(286): CodeIgniter\Database\BaseBuilder->get()
#5 C:\xampp\htdocs\lab11_ci\ci4\system\BaseModel.php(675): CodeIgniter\Model->doFindAll(0, 0)
#6 C:\xampp\htdocs\lab11_ci\ci4\app\Cells\ArtikelTerkini.php(19): CodeIgniter\BaseModel->findAll()
#7 C:\xampp\htdocs\lab11_ci\ci4\system\View\Cell.php(289): App\Cells\ArtikelTerkini->render(Array)
#8 C:\xampp\htdocs\lab11_ci\ci4\system\View\Cell.php(104): CodeIgniter\View\Cell->renderSimpleClass(Object(App\Cells\ArtikelTerkini), 'render', Array, 'App\\Cells\\Artik...')
#9 C:\xampp\htdocs\lab11_ci\ci4\system\Common.php(1189): CodeIgniter\View\Cell->render('\\App\\Cells\\Arti...', Array, 0, 'AppCellsArtikel...')
#10 C:\xampp\htdocs\lab11_ci\ci4\app\Views\layout\main.php(24): view_cell('\\App\\Cells\\Arti...')
#11 C:\xampp\htdocs\lab11_ci\ci4\system\View\View.php(224): include('C:\\xampp\\htdocs...')
#12 C:\xampp\htdocs\lab11_ci\ci4\system\View\View.php(227): CodeIgniter\View\View->CodeIgniter\View\{closure}()
#13 C:\xampp\htdocs\lab11_ci\ci4\system\View\View.php(240): CodeIgniter\View\View->render('layout/main', Array, true)
#14 C:\xampp\htdocs\lab11_ci\ci4\system\Common.php(1173): CodeIgniter\View\View->render('artikel/index', Array, true)
#15 C:\xampp\htdocs\lab11_ci\ci4\app\Controllers\Artikel.php(15): view('artikel/index', Array)
#16 C:\xampp\htdocs\lab11_ci\ci4\system\CodeIgniter.php(933): App\Controllers\Artikel->index()
#17 C:\xampp\htdocs\lab11_ci\ci4\system\CodeIgniter.php(507): CodeIgniter\CodeIgniter->runController(Object(App\Controllers\Artikel))
#18 C:\xampp\htdocs\lab11_ci\ci4\system\CodeIgniter.php(354): CodeIgniter\CodeIgniter->handleRequest(NULL, Object(Config\Cache), false)
#19 C:\xampp\htdocs\lab11_ci\ci4\system\Boot.php(334): CodeIgniter\CodeIgniter->run()
#20 C:\xampp\htdocs\lab11_ci\ci4\system\Boot.php(67): CodeIgniter\Boot::runCodeIgniter(Object(CodeIgniter\CodeIgniter))
#21 C:\xampp\htdocs\lab11_ci\ci4\public\index.php(56): CodeIgniter\Boot::bootWeb(Object(Config\Paths))
#22 C:\xampp\htdocs\lab11_ci\ci4\system\rewrite.php(44): require_once('C:\\xampp\\htdocs...')
#23 {main}
ERROR - 2025-05-05 06:58:45 --> Error di ArtikelTerkini: You have an error in your SQL syntax; check the manual that corresponds to your MariaDB server version for the right syntax to use near ')
ORDER BY `created_at` DESC
 LIMIT 5' at line 3
ERROR - 2025-05-05 06:58:47 --> mysqli_sql_exception: You have an error in your SQL syntax; check the manual that corresponds to your MariaDB server version for the right syntax to use near ')
ORDER BY `created_at` DESC
 LIMIT 5' at line 3 in C:\xampp\htdocs\lab11_ci\ci4\system\Database\MySQLi\Connection.php:327
Stack trace:
#0 C:\xampp\htdocs\lab11_ci\ci4\system\Database\MySQLi\Connection.php(327): mysqli->query('SELECT *\nFROM `...', 0)
#1 C:\xampp\htdocs\lab11_ci\ci4\system\Database\BaseConnection.php(738): CodeIgniter\Database\MySQLi\Connection->execute('SELECT *\nFROM `...')
#2 C:\xampp\htdocs\lab11_ci\ci4\system\Database\BaseConnection.php(652): CodeIgniter\Database\BaseConnection->simpleQuery('SELECT *\nFROM `...')
#3 C:\xampp\htdocs\lab11_ci\ci4\system\Database\BaseBuilder.php(1649): CodeIgniter\Database\BaseConnection->query('SELECT *\nFROM `...', Array, false)
#4 C:\xampp\htdocs\lab11_ci\ci4\system\Model.php(286): CodeIgniter\Database\BaseBuilder->get()
#5 C:\xampp\htdocs\lab11_ci\ci4\system\BaseModel.php(675): CodeIgniter\Model->doFindAll(0, 0)
#6 C:\xampp\htdocs\lab11_ci\ci4\app\Cells\ArtikelTerkini.php(19): CodeIgniter\BaseModel->findAll()
#7 C:\xampp\htdocs\lab11_ci\ci4\system\View\Cell.php(289): App\Cells\ArtikelTerkini->render(Array)
#8 C:\xampp\htdocs\lab11_ci\ci4\system\View\Cell.php(104): CodeIgniter\View\Cell->renderSimpleClass(Object(App\Cells\ArtikelTerkini), 'render', Array, 'App\\Cells\\Artik...')
#9 C:\xampp\htdocs\lab11_ci\ci4\system\Common.php(1189): CodeIgniter\View\Cell->render('\\App\\Cells\\Arti...', Array, 0, 'AppCellsArtikel...')
#10 C:\xampp\htdocs\lab11_ci\ci4\app\Views\layout\main.php(24): view_cell('\\App\\Cells\\Arti...')
#11 C:\xampp\htdocs\lab11_ci\ci4\system\View\View.php(224): include('C:\\xampp\\htdocs...')
#12 C:\xampp\htdocs\lab11_ci\ci4\system\View\View.php(227): CodeIgniter\View\View->CodeIgniter\View\{closure}()
#13 C:\xampp\htdocs\lab11_ci\ci4\system\View\View.php(240): CodeIgniter\View\View->render('layout/main', Array, true)
#14 C:\xampp\htdocs\lab11_ci\ci4\system\Common.php(1173): CodeIgniter\View\View->render('artikel/index', Array, true)
#15 C:\xampp\htdocs\lab11_ci\ci4\app\Controllers\Artikel.php(15): view('artikel/index', Array)
#16 C:\xampp\htdocs\lab11_ci\ci4\system\CodeIgniter.php(933): App\Controllers\Artikel->index()
#17 C:\xampp\htdocs\lab11_ci\ci4\system\CodeIgniter.php(507): CodeIgniter\CodeIgniter->runController(Object(App\Controllers\Artikel))
#18 C:\xampp\htdocs\lab11_ci\ci4\system\CodeIgniter.php(354): CodeIgniter\CodeIgniter->handleRequest(NULL, Object(Config\Cache), false)
#19 C:\xampp\htdocs\lab11_ci\ci4\system\Boot.php(334): CodeIgniter\CodeIgniter->run()
#20 C:\xampp\htdocs\lab11_ci\ci4\system\Boot.php(67): CodeIgniter\Boot::runCodeIgniter(Object(CodeIgniter\CodeIgniter))
#21 C:\xampp\htdocs\lab11_ci\ci4\public\index.php(56): CodeIgniter\Boot::bootWeb(Object(Config\Paths))
#22 C:\xampp\htdocs\lab11_ci\ci4\system\rewrite.php(44): require_once('C:\\xampp\\htdocs...')
#23 {main}
ERROR - 2025-05-05 06:58:47 --> Error di ArtikelTerkini: You have an error in your SQL syntax; check the manual that corresponds to your MariaDB server version for the right syntax to use near ')
ORDER BY `created_at` DESC
 LIMIT 5' at line 3
ERROR - 2025-05-05 06:58:49 --> mysqli_sql_exception: You have an error in your SQL syntax; check the manual that corresponds to your MariaDB server version for the right syntax to use near ')
ORDER BY `created_at` DESC
 LIMIT 5' at line 3 in C:\xampp\htdocs\lab11_ci\ci4\system\Database\MySQLi\Connection.php:327
Stack trace:
#0 C:\xampp\htdocs\lab11_ci\ci4\system\Database\MySQLi\Connection.php(327): mysqli->query('SELECT *\nFROM `...', 0)
#1 C:\xampp\htdocs\lab11_ci\ci4\system\Database\BaseConnection.php(738): CodeIgniter\Database\MySQLi\Connection->execute('SELECT *\nFROM `...')
#2 C:\xampp\htdocs\lab11_ci\ci4\system\Database\BaseConnection.php(652): CodeIgniter\Database\BaseConnection->simpleQuery('SELECT *\nFROM `...')
#3 C:\xampp\htdocs\lab11_ci\ci4\system\Database\BaseBuilder.php(1649): CodeIgniter\Database\BaseConnection->query('SELECT *\nFROM `...', Array, false)
#4 C:\xampp\htdocs\lab11_ci\ci4\system\Model.php(286): CodeIgniter\Database\BaseBuilder->get()
#5 C:\xampp\htdocs\lab11_ci\ci4\system\BaseModel.php(675): CodeIgniter\Model->doFindAll(0, 0)
#6 C:\xampp\htdocs\lab11_ci\ci4\app\Cells\ArtikelTerkini.php(19): CodeIgniter\BaseModel->findAll()
#7 C:\xampp\htdocs\lab11_ci\ci4\system\View\Cell.php(289): App\Cells\ArtikelTerkini->render(Array)
#8 C:\xampp\htdocs\lab11_ci\ci4\system\View\Cell.php(104): CodeIgniter\View\Cell->renderSimpleClass(Object(App\Cells\ArtikelTerkini), 'render', Array, 'App\\Cells\\Artik...')
#9 C:\xampp\htdocs\lab11_ci\ci4\system\Common.php(1189): CodeIgniter\View\Cell->render('\\App\\Cells\\Arti...', Array, 0, 'AppCellsArtikel...')
#10 C:\xampp\htdocs\lab11_ci\ci4\app\Views\layout\main.php(24): view_cell('\\App\\Cells\\Arti...')
#11 C:\xampp\htdocs\lab11_ci\ci4\system\View\View.php(224): include('C:\\xampp\\htdocs...')
#12 C:\xampp\htdocs\lab11_ci\ci4\system\View\View.php(227): CodeIgniter\View\View->CodeIgniter\View\{closure}()
#13 C:\xampp\htdocs\lab11_ci\ci4\system\View\View.php(240): CodeIgniter\View\View->render('layout/main', Array, true)
#14 C:\xampp\htdocs\lab11_ci\ci4\system\Common.php(1173): CodeIgniter\View\View->render('artikel/index', Array, true)
#15 C:\xampp\htdocs\lab11_ci\ci4\app\Controllers\Artikel.php(15): view('artikel/index', Array)
#16 C:\xampp\htdocs\lab11_ci\ci4\system\CodeIgniter.php(933): App\Controllers\Artikel->index()
#17 C:\xampp\htdocs\lab11_ci\ci4\system\CodeIgniter.php(507): CodeIgniter\CodeIgniter->runController(Object(App\Controllers\Artikel))
#18 C:\xampp\htdocs\lab11_ci\ci4\system\CodeIgniter.php(354): CodeIgniter\CodeIgniter->handleRequest(NULL, Object(Config\Cache), false)
#19 C:\xampp\htdocs\lab11_ci\ci4\system\Boot.php(334): CodeIgniter\CodeIgniter->run()
#20 C:\xampp\htdocs\lab11_ci\ci4\system\Boot.php(67): CodeIgniter\Boot::runCodeIgniter(Object(CodeIgniter\CodeIgniter))
#21 C:\xampp\htdocs\lab11_ci\ci4\public\index.php(56): CodeIgniter\Boot::bootWeb(Object(Config\Paths))
#22 C:\xampp\htdocs\lab11_ci\ci4\system\rewrite.php(44): require_once('C:\\xampp\\htdocs...')
#23 {main}
ERROR - 2025-05-05 06:58:49 --> Error di ArtikelTerkini: You have an error in your SQL syntax; check the manual that corresponds to your MariaDB server version for the right syntax to use near ')
ORDER BY `created_at` DESC
 LIMIT 5' at line 3
CRITICAL - 2025-05-05 06:59:05 --> CodeIgniter\HTTP\Exceptions\HTTPException: The original file is not a valid file.
[Method: POST, Route: admin/artikel/add]
in SYSTEMPATH\HTTP\Files\UploadedFile.php on line 142.
 1 SYSTEMPATH\HTTP\Files\UploadedFile.php(142): CodeIgniter\HTTP\Exceptions\HTTPException::forInvalidFile()
 2 APPPATH\Controllers\Artikel.php(71): CodeIgniter\HTTP\Files\UploadedFile->move('C:\\xampp\\htdocs\\lab11_ci\\ci4\\public/gambar/')
 3 SYSTEMPATH\CodeIgniter.php(933): App\Controllers\Artikel->add()
 4 SYSTEMPATH\CodeIgniter.php(507): CodeIgniter\CodeIgniter->runController(Object(App\Controllers\Artikel))
 5 SYSTEMPATH\CodeIgniter.php(354): CodeIgniter\CodeIgniter->handleRequest(null, Object(Config\Cache), false)
 6 SYSTEMPATH\Boot.php(334): CodeIgniter\CodeIgniter->run()
 7 SYSTEMPATH\Boot.php(67): CodeIgniter\Boot::runCodeIgniter(Object(CodeIgniter\CodeIgniter))
 8 FCPATH\index.php(56): CodeIgniter\Boot::bootWeb(Object(Config\Paths))
 9 SYSTEMPATH\rewrite.php(44): require_once('C:\\xampp\\htdocs\\lab11_ci\\ci4\\public\\index.php')
ERROR - 2025-05-05 06:59:50 --> mysqli_sql_exception: You have an error in your SQL syntax; check the manual that corresponds to your MariaDB server version for the right syntax to use near ')
ORDER BY `created_at` DESC
 LIMIT 5' at line 3 in C:\xampp\htdocs\lab11_ci\ci4\system\Database\MySQLi\Connection.php:327
Stack trace:
#0 C:\xampp\htdocs\lab11_ci\ci4\system\Database\MySQLi\Connection.php(327): mysqli->query('SELECT *\nFROM `...', 0)
#1 C:\xampp\htdocs\lab11_ci\ci4\system\Database\BaseConnection.php(738): CodeIgniter\Database\MySQLi\Connection->execute('SELECT *\nFROM `...')
#2 C:\xampp\htdocs\lab11_ci\ci4\system\Database\BaseConnection.php(652): CodeIgniter\Database\BaseConnection->simpleQuery('SELECT *\nFROM `...')
#3 C:\xampp\htdocs\lab11_ci\ci4\system\Database\BaseBuilder.php(1649): CodeIgniter\Database\BaseConnection->query('SELECT *\nFROM `...', Array, false)
#4 C:\xampp\htdocs\lab11_ci\ci4\system\Model.php(286): CodeIgniter\Database\BaseBuilder->get()
#5 C:\xampp\htdocs\lab11_ci\ci4\system\BaseModel.php(675): CodeIgniter\Model->doFindAll(0, 0)
#6 C:\xampp\htdocs\lab11_ci\ci4\app\Cells\ArtikelTerkini.php(19): CodeIgniter\BaseModel->findAll()
#7 C:\xampp\htdocs\lab11_ci\ci4\system\View\Cell.php(289): App\Cells\ArtikelTerkini->render(Array)
#8 C:\xampp\htdocs\lab11_ci\ci4\system\View\Cell.php(104): CodeIgniter\View\Cell->renderSimpleClass(Object(App\Cells\ArtikelTerkini), 'render', Array, 'App\\Cells\\Artik...')
#9 C:\xampp\htdocs\lab11_ci\ci4\system\Common.php(1189): CodeIgniter\View\Cell->render('\\App\\Cells\\Arti...', Array, 0, 'AppCellsArtikel...')
#10 C:\xampp\htdocs\lab11_ci\ci4\app\Views\layout\main.php(24): view_cell('\\App\\Cells\\Arti...')
#11 C:\xampp\htdocs\lab11_ci\ci4\system\View\View.php(224): include('C:\\xampp\\htdocs...')
#12 C:\xampp\htdocs\lab11_ci\ci4\system\View\View.php(227): CodeIgniter\View\View->CodeIgniter\View\{closure}()
#13 C:\xampp\htdocs\lab11_ci\ci4\system\View\View.php(240): CodeIgniter\View\View->render('layout/main', Array, true)
#14 C:\xampp\htdocs\lab11_ci\ci4\system\Common.php(1173): CodeIgniter\View\View->render('artikel/index', Array, true)
#15 C:\xampp\htdocs\lab11_ci\ci4\app\Controllers\Artikel.php(15): view('artikel/index', Array)
#16 C:\xampp\htdocs\lab11_ci\ci4\system\CodeIgniter.php(933): App\Controllers\Artikel->index()
#17 C:\xampp\htdocs\lab11_ci\ci4\system\CodeIgniter.php(507): CodeIgniter\CodeIgniter->runController(Object(App\Controllers\Artikel))
#18 C:\xampp\htdocs\lab11_ci\ci4\system\CodeIgniter.php(354): CodeIgniter\CodeIgniter->handleRequest(NULL, Object(Config\Cache), false)
#19 C:\xampp\htdocs\lab11_ci\ci4\system\Boot.php(334): CodeIgniter\CodeIgniter->run()
#20 C:\xampp\htdocs\lab11_ci\ci4\system\Boot.php(67): CodeIgniter\Boot::runCodeIgniter(Object(CodeIgniter\CodeIgniter))
#21 C:\xampp\htdocs\lab11_ci\ci4\public\index.php(56): CodeIgniter\Boot::bootWeb(Object(Config\Paths))
#22 C:\xampp\htdocs\lab11_ci\ci4\system\rewrite.php(44): require_once('C:\\xampp\\htdocs...')
#23 {main}
ERROR - 2025-05-05 06:59:50 --> Error di ArtikelTerkini: You have an error in your SQL syntax; check the manual that corresponds to your MariaDB server version for the right syntax to use near ')
ORDER BY `created_at` DESC
 LIMIT 5' at line 3
ERROR - 2025-05-05 07:09:58 --> mysqli_sql_exception: You have an error in your SQL syntax; check the manual that corresponds to your MariaDB server version for the right syntax to use near ')
ORDER BY `created_at` DESC
 LIMIT 5' at line 3 in C:\xampp\htdocs\lab11_ci\ci4\system\Database\MySQLi\Connection.php:327
Stack trace:
#0 C:\xampp\htdocs\lab11_ci\ci4\system\Database\MySQLi\Connection.php(327): mysqli->query('SELECT *\nFROM `...', 0)
#1 C:\xampp\htdocs\lab11_ci\ci4\system\Database\BaseConnection.php(738): CodeIgniter\Database\MySQLi\Connection->execute('SELECT *\nFROM `...')
#2 C:\xampp\htdocs\lab11_ci\ci4\system\Database\BaseConnection.php(652): CodeIgniter\Database\BaseConnection->simpleQuery('SELECT *\nFROM `...')
#3 C:\xampp\htdocs\lab11_ci\ci4\system\Database\BaseBuilder.php(1649): CodeIgniter\Database\BaseConnection->query('SELECT *\nFROM `...', Array, false)
#4 C:\xampp\htdocs\lab11_ci\ci4\system\Model.php(286): CodeIgniter\Database\BaseBuilder->get()
#5 C:\xampp\htdocs\lab11_ci\ci4\system\BaseModel.php(675): CodeIgniter\Model->doFindAll(0, 0)
#6 C:\xampp\htdocs\lab11_ci\ci4\app\Cells\ArtikelTerkini.php(19): CodeIgniter\BaseModel->findAll()
#7 C:\xampp\htdocs\lab11_ci\ci4\system\View\Cell.php(289): App\Cells\ArtikelTerkini->render(Array)
#8 C:\xampp\htdocs\lab11_ci\ci4\system\View\Cell.php(104): CodeIgniter\View\Cell->renderSimpleClass(Object(App\Cells\ArtikelTerkini), 'render', Array, 'App\\Cells\\Artik...')
#9 C:\xampp\htdocs\lab11_ci\ci4\system\Common.php(1189): CodeIgniter\View\Cell->render('\\App\\Cells\\Arti...', Array, 0, 'AppCellsArtikel...')
#10 C:\xampp\htdocs\lab11_ci\ci4\app\Views\layout\main.php(24): view_cell('\\App\\Cells\\Arti...')
#11 C:\xampp\htdocs\lab11_ci\ci4\system\View\View.php(224): include('C:\\xampp\\htdocs...')
#12 C:\xampp\htdocs\lab11_ci\ci4\system\View\View.php(227): CodeIgniter\View\View->CodeIgniter\View\{closure}()
#13 C:\xampp\htdocs\lab11_ci\ci4\system\View\View.php(240): CodeIgniter\View\View->render('layout/main', Array, true)
#14 C:\xampp\htdocs\lab11_ci\ci4\system\Common.php(1173): CodeIgniter\View\View->render('artikel/index', Array, true)
#15 C:\xampp\htdocs\lab11_ci\ci4\app\Controllers\Artikel.php(15): view('artikel/index', Array)
#16 C:\xampp\htdocs\lab11_ci\ci4\system\CodeIgniter.php(933): App\Controllers\Artikel->index()
#17 C:\xampp\htdocs\lab11_ci\ci4\system\CodeIgniter.php(507): CodeIgniter\CodeIgniter->runController(Object(App\Controllers\Artikel))
#18 C:\xampp\htdocs\lab11_ci\ci4\system\CodeIgniter.php(354): CodeIgniter\CodeIgniter->handleRequest(NULL, Object(Config\Cache), false)
#19 C:\xampp\htdocs\lab11_ci\ci4\system\Boot.php(334): CodeIgniter\CodeIgniter->run()
#20 C:\xampp\htdocs\lab11_ci\ci4\system\Boot.php(67): CodeIgniter\Boot::runCodeIgniter(Object(CodeIgniter\CodeIgniter))
#21 C:\xampp\htdocs\lab11_ci\ci4\public\index.php(56): CodeIgniter\Boot::bootWeb(Object(Config\Paths))
#22 C:\xampp\htdocs\lab11_ci\ci4\system\rewrite.php(44): require_once('C:\\xampp\\htdocs...')
#23 {main}
ERROR - 2025-05-05 07:09:58 --> Error di ArtikelTerkini: You have an error in your SQL syntax; check the manual that corresponds to your MariaDB server version for the right syntax to use near ')
ORDER BY `created_at` DESC
 LIMIT 5' at line 3
